update-alternatives 2021-10-06 16:47:53: run with --quiet --install /usr/bin/awk awk /usr/bin/mawk 5 --slave /usr/share/man/man1/awk.1.gz awk.1.gz /usr/share/man/man1/mawk.1.gz --slave /usr/bin/nawk nawk /usr/bin/mawk --slave /usr/share/man/man1/nawk.1.gz nawk.1.gz /usr/share/man/man1/mawk.1.gz
update-alternatives 2021-10-06 16:47:53: link group awk updated to point to /usr/bin/mawk
update-alternatives 2021-10-06 16:47:57: run with --quiet --install /usr/bin/awk awk /usr/bin/mawk 5 --slave /usr/share/man/man1/awk.1.gz awk.1.gz /usr/share/man/man1/mawk.1.gz --slave /usr/bin/nawk nawk /usr/bin/mawk --slave /usr/share/man/man1/nawk.1.gz nawk.1.gz /usr/share/man/man1/mawk.1.gz
update-alternatives 2021-10-06 16:47:57: run with --install /usr/share/man/man7/builtins.7.gz builtins.7.gz /usr/share/man/man7/bash-builtins.7.gz 10
update-alternatives 2021-10-06 16:47:57: link group builtins.7.gz updated to point to /usr/share/man/man7/bash-builtins.7.gz
update-alternatives 2021-10-06 16:47:58: run with --install /usr/sbin/rmt rmt /usr/sbin/rmt-tar 50 --slave /usr/share/man/man8/rmt.8.gz rmt.8.gz /usr/share/man/man8/rmt-tar.8.gz
update-alternatives 2021-10-06 16:47:58: link group rmt updated to point to /usr/sbin/rmt-tar
update-alternatives 2021-10-06 16:47:58: run with --install /usr/bin/w w /usr/bin/w.procps 50 --slave /usr/share/man/man1/w.1.gz w.1.gz /usr/share/man/man1/w.procps.1.gz
update-alternatives 2021-10-06 16:47:58: link group w updated to point to /usr/bin/w.procps
update-alternatives 2021-10-06 16:47:59: run with --install /usr/bin/pager pager /bin/more 50 --slave /usr/share/man/man1/pager.1.gz pager.1.gz /usr/share/man/man1/more.1.gz
update-alternatives 2021-10-06 16:47:59: link group pager updated to point to /bin/more
update-alternatives 2021-10-06 16:47:59: run with --remove pager /usr/bin/pg
update-alternatives 2021-10-06 16:48:33: run with --remove builtins.7.gz /usr/share/man/man7/bash-builtins.7.gz
update-alternatives 2021-10-06 16:48:33: link group builtins.7.gz fully removed
update-alternatives 2021-10-06 16:56:30: run with --quiet --install /usr/bin/awk awk /usr/bin/mawk 5 --slave /usr/share/man/man1/awk.1.gz awk.1.gz /usr/share/man/man1/mawk.1.gz --slave /usr/bin/nawk nawk /usr/bin/mawk --slave /usr/share/man/man1/nawk.1.gz nawk.1.gz /usr/share/man/man1/mawk.1.gz
update-alternatives 2021-10-06 16:56:30: auto-repair link group awk
update-alternatives 2021-10-06 16:57:09: run with --install /usr/bin/w w /usr/bin/w.procps 50 --slave /usr/share/man/man1/w.1.gz w.1.gz /usr/share/man/man1/w.procps.1.gz
update-alternatives 2021-10-06 16:57:09: auto-repair link group w
update-alternatives 2021-10-06 16:57:33: run with --install /usr/sbin/rmt rmt /usr/sbin/rmt-tar 50 --slave /usr/share/man/man8/rmt.8.gz rmt.8.gz /usr/share/man/man8/rmt-tar.8.gz
update-alternatives 2021-10-06 16:57:33: auto-repair link group rmt
update-alternatives 2021-10-06 16:57:46: run with --install /usr/bin/pager pager /bin/more 50 --slave /usr/share/man/man1/pager.1.gz pager.1.gz /usr/share/man/man1/more.1.gz
update-alternatives 2021-10-06 16:57:46: auto-repair link group pager
update-alternatives 2021-10-06 16:57:46: run with --remove pager /usr/bin/pg
update-alternatives 2021-10-06 16:58:01: run with --install /usr/sbin/rmt rmt /usr/sbin/rmt-tar 50 --slave /usr/share/man/man8/rmt.8.gz rmt.8.gz /usr/share/man/man8/rmt-tar.8.gz
update-alternatives 2021-10-06 16:58:02: run with --install /usr/bin/pager pager /bin/more 50 --slave /usr/share/man/man1/pager.1.gz pager.1.gz /usr/share/man/man1/more.1.gz
update-alternatives 2021-10-06 16:58:02: run with --remove pager /usr/bin/pg
update-alternatives 2021-10-06 16:58:05: run with --install /usr/bin/w w /usr/bin/w.procps 50 --slave /usr/share/man/man1/w.1.gz w.1.gz /usr/share/man/man1/w.procps.1.gz
update-alternatives 2021-12-20 11:33:31: run with --install /usr/bin/lzma lzma /usr/bin/xz 20 --slave /usr/share/man/man1/lzma.1.gz lzma.1.gz /usr/share/man/man1/xz.1.gz --slave /usr/bin/unlzma unlzma /usr/bin/unxz --slave /usr/share/man/man1/unlzma.1.gz unlzma.1.gz /usr/share/man/man1/unxz.1.gz --slave /usr/bin/lzcat lzcat /usr/bin/xzcat --slave /usr/share/man/man1/lzcat.1.gz lzcat.1.gz /usr/share/man/man1/xzcat.1.gz --slave /usr/bin/lzmore lzmore /usr/bin/xzmore --slave /usr/share/man/man1/lzmore.1.gz lzmore.1.gz /usr/share/man/man1/xzmore.1.gz --slave /usr/bin/lzless lzless /usr/bin/xzless --slave /usr/share/man/man1/lzless.1.gz lzless.1.gz /usr/share/man/man1/xzless.1.gz --slave /usr/bin/lzdiff lzdiff /usr/bin/xzdiff --slave /usr/share/man/man1/lzdiff.1.gz lzdiff.1.gz /usr/share/man/man1/xzdiff.1.gz --slave /usr/bin/lzcmp lzcmp /usr/bin/xzcmp --slave /usr/share/man/man1/lzcmp.1.gz lzcmp.1.gz /usr/share/man/man1/xzcmp.1.gz --slave /usr/bin/lzgrep lzgrep /usr/bin/xzgrep --slave /usr/share/man/man1/lzgrep.1.gz lzgrep.1.gz /usr/share/man/man1/xzgrep.1.gz --slave /usr/bin/lzegrep lzegrep /usr/bin/xzegrep --slave /usr/share/man/man1/lzegrep.1.gz lzegrep.1.gz /usr/share/man/man1/xzegrep.1.gz --slave /usr/bin/lzfgrep lzfgrep /usr/bin/xzfgrep --slave /usr/share/man/man1/lzfgrep.1.gz lzfgrep.1.gz /usr/share/man/man1/xzfgrep.1.gz
update-alternatives 2021-12-20 11:33:31: link group lzma updated to point to /usr/bin/xz
update-alternatives 2021-12-20 11:33:35: run with --quiet --install /usr/bin/rsh rsh /usr/bin/ssh 20 --slave /usr/share/man/man1/rsh.1.gz rsh.1.gz /usr/share/man/man1/ssh.1.gz
update-alternatives 2021-12-20 11:33:35: link group rsh updated to point to /usr/bin/ssh
update-alternatives 2021-12-20 11:33:35: run with --quiet --install /usr/bin/rlogin rlogin /usr/bin/slogin 20 --slave /usr/share/man/man1/rlogin.1.gz rlogin.1.gz /usr/share/man/man1/slogin.1.gz
update-alternatives 2021-12-20 11:33:35: link group rlogin updated to point to /usr/bin/slogin
update-alternatives 2021-12-20 11:33:35: run with --quiet --install /usr/bin/rcp rcp /usr/bin/scp 20 --slave /usr/share/man/man1/rcp.1.gz rcp.1.gz /usr/share/man/man1/scp.1.gz
update-alternatives 2021-12-20 11:33:35: link group rcp updated to point to /usr/bin/scp
update-alternatives 2021-12-20 11:33:52: run with --quiet --install /usr/bin/pager pager /usr/bin/less 77 --slave /usr/share/man/man1/pager.1.gz pager.1.gz /usr/share/man/man1/less.1.gz
update-alternatives 2021-12-20 11:33:52: link group pager updated to point to /usr/bin/less
update-alternatives 2021-12-20 11:33:52: run with --quiet --remove pager /bin/less
update-alternatives 2021-12-20 11:34:47: run with --install /usr/bin/ctags ctags /usr/bin/ctags.emacs 28 --slave /usr/share/man/man1/ctags.1.gz ctags.1.gz /usr/share/man/man1/ctags.emacs.1.gz
update-alternatives 2021-12-20 11:34:47: link group ctags updated to point to /usr/bin/ctags.emacs
update-alternatives 2021-12-20 11:34:47: run with --install /usr/bin/ebrowse ebrowse /usr/bin/ebrowse.emacs 28 --slave /usr/share/man/man1/ebrowse.1.gz ebrowse.1.gz /usr/share/man/man1/ebrowse.emacs.1.gz
update-alternatives 2021-12-20 11:34:47: link group ebrowse updated to point to /usr/bin/ebrowse.emacs
update-alternatives 2021-12-20 11:34:47: run with --install /usr/bin/emacsclient emacsclient /usr/bin/emacsclient.emacs 28 --slave /usr/share/man/man1/emacsclient.1.gz emacsclient.1.gz /usr/share/man/man1/emacsclient.emacs.1.gz
update-alternatives 2021-12-20 11:34:47: link group emacsclient updated to point to /usr/bin/emacsclient.emacs
update-alternatives 2021-12-20 11:34:47: run with --install /usr/bin/etags etags /usr/bin/etags.emacs 28 --slave /usr/share/man/man1/etags.1.gz etags.1.gz /usr/share/man/man1/etags.emacs.1.gz
update-alternatives 2021-12-20 11:34:47: link group etags updated to point to /usr/bin/etags.emacs
update-alternatives 2021-12-20 11:34:49: run with --install /usr/bin/vim vim /usr/bin/vim.basic 30
update-alternatives 2021-12-20 11:34:49: link group vim updated to point to /usr/bin/vim.basic
update-alternatives 2021-12-20 11:34:49: run with --install /usr/bin/vimdiff vimdiff /usr/bin/vim.basic 30
update-alternatives 2021-12-20 11:34:49: link group vimdiff updated to point to /usr/bin/vim.basic
update-alternatives 2021-12-20 11:34:49: run with --install /usr/bin/rvim rvim /usr/bin/vim.basic 30
update-alternatives 2021-12-20 11:34:49: link group rvim updated to point to /usr/bin/vim.basic
update-alternatives 2021-12-20 11:34:49: run with --install /usr/bin/rview rview /usr/bin/vim.basic 30
update-alternatives 2021-12-20 11:34:49: link group rview updated to point to /usr/bin/vim.basic
update-alternatives 2021-12-20 11:34:49: run with --install /usr/bin/vi vi /usr/bin/vim.basic 30 --slave /usr/share/man/da/man1/vi.1.gz vi.da.1.gz /usr/share/man/da/man1/vim.1.gz --slave /usr/share/man/de/man1/vi.1.gz vi.de.1.gz /usr/share/man/de/man1/vim.1.gz --slave /usr/share/man/fr/man1/vi.1.gz vi.fr.1.gz /usr/share/man/fr/man1/vim.1.gz --slave /usr/share/man/it/man1/vi.1.gz vi.it.1.gz /usr/share/man/it/man1/vim.1.gz --slave /usr/share/man/ja/man1/vi.1.gz vi.ja.1.gz /usr/share/man/ja/man1/vim.1.gz --slave /usr/share/man/pl/man1/vi.1.gz vi.pl.1.gz /usr/share/man/pl/man1/vim.1.gz --slave /usr/share/man/ru/man1/vi.1.gz vi.ru.1.gz /usr/share/man/ru/man1/vim.1.gz --slave /usr/share/man/man1/vi.1.gz vi.1.gz /usr/share/man/man1/vim.1.gz
update-alternatives 2021-12-20 11:34:49: link group vi updated to point to /usr/bin/vim.basic
update-alternatives 2021-12-20 11:34:49: run with --install /usr/bin/view view /usr/bin/vim.basic 30 --slave /usr/share/man/da/man1/view.1.gz view.da.1.gz /usr/share/man/da/man1/vim.1.gz --slave /usr/share/man/de/man1/view.1.gz view.de.1.gz /usr/share/man/de/man1/vim.1.gz --slave /usr/share/man/fr/man1/view.1.gz view.fr.1.gz /usr/share/man/fr/man1/vim.1.gz --slave /usr/share/man/it/man1/view.1.gz view.it.1.gz /usr/share/man/it/man1/vim.1.gz --slave /usr/share/man/ja/man1/view.1.gz view.ja.1.gz /usr/share/man/ja/man1/vim.1.gz --slave /usr/share/man/pl/man1/view.1.gz view.pl.1.gz /usr/share/man/pl/man1/vim.1.gz --slave /usr/share/man/ru/man1/view.1.gz view.ru.1.gz /usr/share/man/ru/man1/vim.1.gz --slave /usr/share/man/man1/view.1.gz view.1.gz /usr/share/man/man1/vim.1.gz
update-alternatives 2021-12-20 11:34:49: link group view updated to point to /usr/bin/vim.basic
update-alternatives 2021-12-20 11:34:49: run with --install /usr/bin/ex ex /usr/bin/vim.basic 30 --slave /usr/share/man/da/man1/ex.1.gz ex.da.1.gz /usr/share/man/da/man1/vim.1.gz --slave /usr/share/man/de/man1/ex.1.gz ex.de.1.gz /usr/share/man/de/man1/vim.1.gz --slave /usr/share/man/fr/man1/ex.1.gz ex.fr.1.gz /usr/share/man/fr/man1/vim.1.gz --slave /usr/share/man/it/man1/ex.1.gz ex.it.1.gz /usr/share/man/it/man1/vim.1.gz --slave /usr/share/man/ja/man1/ex.1.gz ex.ja.1.gz /usr/share/man/ja/man1/vim.1.gz --slave /usr/share/man/pl/man1/ex.1.gz ex.pl.1.gz /usr/share/man/pl/man1/vim.1.gz --slave /usr/share/man/ru/man1/ex.1.gz ex.ru.1.gz /usr/share/man/ru/man1/vim.1.gz --slave /usr/share/man/man1/ex.1.gz ex.1.gz /usr/share/man/man1/vim.1.gz
update-alternatives 2021-12-20 11:34:49: link group ex updated to point to /usr/bin/vim.basic
update-alternatives 2021-12-20 11:34:49: run with --install /usr/bin/editor editor /usr/bin/vim.basic 30 --slave /usr/share/man/da/man1/editor.1.gz editor.da.1.gz /usr/share/man/da/man1/vim.1.gz --slave /usr/share/man/de/man1/editor.1.gz editor.de.1.gz /usr/share/man/de/man1/vim.1.gz --slave /usr/share/man/fr/man1/editor.1.gz editor.fr.1.gz /usr/share/man/fr/man1/vim.1.gz --slave /usr/share/man/it/man1/editor.1.gz editor.it.1.gz /usr/share/man/it/man1/vim.1.gz --slave /usr/share/man/ja/man1/editor.1.gz editor.ja.1.gz /usr/share/man/ja/man1/vim.1.gz --slave /usr/share/man/pl/man1/editor.1.gz editor.pl.1.gz /usr/share/man/pl/man1/vim.1.gz --slave /usr/share/man/ru/man1/editor.1.gz editor.ru.1.gz /usr/share/man/ru/man1/vim.1.gz --slave /usr/share/man/man1/editor.1.gz editor.1.gz /usr/share/man/man1/vim.1.gz
update-alternatives 2021-12-20 11:34:49: link group editor updated to point to /usr/bin/vim.basic
update-alternatives 2021-12-20 11:34:49: run with --install /usr/share/icons/default/index.theme x-cursor-theme /usr/share/icons/Adwaita/cursor.theme 90
update-alternatives 2021-12-20 11:34:49: link group x-cursor-theme updated to point to /usr/share/icons/Adwaita/cursor.theme
update-alternatives 2021-12-20 11:34:50: run with --install /usr/bin/emacs emacs /usr/bin/emacs-gtk 28 --slave /usr/share/man/man1/emacs.1.gz emacs.1.gz /usr/share/man/man1/emacs.emacs.1.gz
update-alternatives 2021-12-20 11:34:50: link group emacs updated to point to /usr/bin/emacs-gtk
update-alternatives 2021-12-20 11:34:50: run with --install /usr/bin/editor editor /usr/bin/emacs 0 --slave /usr/share/man/man1/editor.1.gz editor.1.gz /usr/share/man/man1/emacs.emacs.1.gz
update-alternatives 2021-12-20 11:35:29: run with --install /usr/bin/fakeroot fakeroot /usr/bin/fakeroot-sysv 50 --slave /usr/share/man/man1/fakeroot.1.gz fakeroot.1.gz /usr/share/man/man1/fakeroot-sysv.1.gz --slave /usr/share/man/man1/faked.1.gz faked.1.gz /usr/share/man/man1/faked-sysv.1.gz --slave /usr/share/man/es/man1/fakeroot.1.gz fakeroot.es.1.gz /usr/share/man/es/man1/fakeroot-sysv.1.gz --slave /usr/share/man/es/man1/faked.1.gz faked.es.1.gz /usr/share/man/es/man1/faked-sysv.1.gz --slave /usr/share/man/fr/man1/fakeroot.1.gz fakeroot.fr.1.gz /usr/share/man/fr/man1/fakeroot-sysv.1.gz --slave /usr/share/man/fr/man1/faked.1.gz faked.fr.1.gz /usr/share/man/fr/man1/faked-sysv.1.gz --slave /usr/share/man/sv/man1/fakeroot.1.gz fakeroot.sv.1.gz /usr/share/man/sv/man1/fakeroot-sysv.1.gz --slave /usr/share/man/sv/man1/faked.1.gz faked.sv.1.gz /usr/share/man/sv/man1/faked-sysv.1.gz
update-alternatives 2021-12-20 11:35:29: link group fakeroot updated to point to /usr/bin/fakeroot-sysv
update-alternatives 2021-12-20 11:35:29: run with --install /usr/bin/fakeroot fakeroot /usr/bin/fakeroot-tcp 30 --slave /usr/share/man/man1/fakeroot.1.gz fakeroot.1.gz /usr/share/man/man1/fakeroot-tcp.1.gz --slave /usr/share/man/man1/faked.1.gz faked.1.gz /usr/share/man/man1/faked-tcp.1.gz --slave /usr/share/man/es/man1/fakeroot.1.gz fakeroot.es.1.gz /usr/share/man/es/man1/fakeroot-tcp.1.gz --slave /usr/share/man/es/man1/faked.1.gz faked.es.1.gz /usr/share/man/es/man1/faked-tcp.1.gz --slave /usr/share/man/fr/man1/fakeroot.1.gz fakeroot.fr.1.gz /usr/share/man/fr/man1/fakeroot-tcp.1.gz --slave /usr/share/man/fr/man1/faked.1.gz faked.fr.1.gz /usr/share/man/fr/man1/faked-tcp.1.gz --slave /usr/share/man/sv/man1/fakeroot.1.gz fakeroot.sv.1.gz /usr/share/man/sv/man1/fakeroot-tcp.1.gz --slave /usr/share/man/sv/man1/faked.1.gz faked.sv.1.gz /usr/share/man/sv/man1/faked-tcp.1.gz
update-alternatives 2021-12-20 11:35:30: run with --quiet --install /usr/bin/pinentry pinentry /usr/bin/pinentry-curses 50 --slave /usr/share/man/man1/pinentry.1.gz pinentry.1.gz /usr/share/man/man1/pinentry-curses.1.gz
update-alternatives 2021-12-20 11:35:30: link group pinentry updated to point to /usr/bin/pinentry-curses
update-alternatives 2021-12-20 11:35:31: run with --quiet --install /lib/cpp cpp /usr/bin/cpp 10
update-alternatives 2021-12-20 11:35:31: link group cpp updated to point to /usr/bin/cpp
update-alternatives 2021-12-20 11:35:31: run with --quiet --install /usr/bin/cc cc /usr/bin/gcc 20 --slave /usr/share/man/man1/cc.1.gz cc.1.gz /usr/share/man/man1/gcc.1.gz
update-alternatives 2021-12-20 11:35:31: link group cc updated to point to /usr/bin/gcc
update-alternatives 2021-12-20 11:35:31: run with --quiet --install /usr/bin/c89 c89 /usr/bin/c89-gcc 20 --slave /usr/share/man/man1/c89.1.gz c89.1.gz /usr/share/man/man1/c89-gcc.1.gz
update-alternatives 2021-12-20 11:35:31: link group c89 updated to point to /usr/bin/c89-gcc
update-alternatives 2021-12-20 11:35:31: run with --quiet --install /usr/bin/c99 c99 /usr/bin/c99-gcc 20 --slave /usr/share/man/man1/c99.1.gz c99.1.gz /usr/share/man/man1/c99-gcc.1.gz
update-alternatives 2021-12-20 11:35:31: link group c99 updated to point to /usr/bin/c99-gcc
update-alternatives 2021-12-20 11:35:31: run with --install /usr/bin/c++ c++ /usr/bin/g++ 20 --slave /usr/share/man/man1/c++.1.gz c++.1.gz /usr/share/man/man1/g++.1.gz
update-alternatives 2021-12-20 11:35:31: link group c++ updated to point to /usr/bin/g++
update-alternatives 2021-12-20 11:36:34: run with --install /usr/lib/x86_64-linux-gnu/libblas.so.3 libblas.so.3-x86_64-linux-gnu /usr/lib/x86_64-linux-gnu/blas/libblas.so.3 10
update-alternatives 2021-12-20 11:36:34: link group libblas.so.3-x86_64-linux-gnu updated to point to /usr/lib/x86_64-linux-gnu/blas/libblas.so.3
update-alternatives 2021-12-20 11:36:47: run with --install /bin/nc nc /bin/nc.openbsd 50 --slave /bin/netcat netcat /bin/nc.openbsd --slave /usr/share/man/man1/nc.1.gz nc.1.gz /usr/share/man/man1/nc_openbsd.1.gz --slave /usr/share/man/man1/netcat.1.gz netcat.1.gz /usr/share/man/man1/nc_openbsd.1.gz
update-alternatives 2021-12-20 11:36:47: link group nc updated to point to /bin/nc.openbsd
update-alternatives 2021-12-20 11:37:03: run with --install /etc/mysql/my.cnf my.cnf /etc/mysql/my.cnf.fallback 100
update-alternatives 2021-12-20 11:37:03: link group my.cnf updated to point to /etc/mysql/my.cnf.fallback
update-alternatives 2021-12-20 11:37:07: run with --install /var/lib/mecab/dic/debian mecab-dictionary /var/lib/mecab/dic/ipadic 70
update-alternatives 2021-12-20 11:37:07: link group mecab-dictionary updated to point to /var/lib/mecab/dic/ipadic
update-alternatives 2021-12-20 11:37:09: run with --install /var/lib/mecab/dic/debian mecab-dictionary /var/lib/mecab/dic/ipadic-utf8 80
update-alternatives 2021-12-20 11:37:09: link group mecab-dictionary updated to point to /var/lib/mecab/dic/ipadic-utf8
update-alternatives 2021-12-20 11:37:09: run with --install /etc/mysql/my.cnf my.cnf /etc/mysql/mysql.cnf 200
update-alternatives 2021-12-20 11:37:09: link group my.cnf updated to point to /etc/mysql/mysql.cnf
update-alternatives 2021-12-20 11:38:13: run with --install /usr/bin/x-terminal-emulator x-terminal-emulator /usr/bin/xterm 20 --slave /usr/share/man/man1/x-terminal-emulator.1.gz x-terminal-emulator.1.gz /usr/share/man/man1/xterm.1.gz
update-alternatives 2021-12-20 11:38:13: link group x-terminal-emulator updated to point to /usr/bin/xterm
update-alternatives 2021-12-20 11:38:13: run with --install /usr/bin/x-terminal-emulator x-terminal-emulator /usr/bin/uxterm 20 --slave /usr/share/man/man1/x-terminal-emulator.1.gz x-terminal-emulator.1.gz /usr/share/man/man1/uxterm.1.gz
update-alternatives 2021-12-20 11:38:13: run with --install /usr/bin/x-terminal-emulator x-terminal-emulator /usr/bin/koi8rxterm 20 --slave /usr/share/man/man1/x-terminal-emulator.1.gz x-terminal-emulator.1.gz /usr/share/man/man1/koi8rxterm.1.gz
update-alternatives 2021-12-20 11:38:13: run with --install /usr/bin/x-terminal-emulator x-terminal-emulator /usr/bin/lxterm 30 --slave /usr/share/man/man1/x-terminal-emulator.1.gz x-terminal-emulator.1.gz /usr/share/man/man1/lxterm.1.gz
update-alternatives 2021-12-20 11:38:13: link group x-terminal-emulator updated to point to /usr/bin/lxterm
update-alternatives 2021-12-20 11:41:50: run with --install /usr/bin/gem gem /usr/bin/gem2.7 181
update-alternatives 2021-12-20 11:41:50: link group gem updated to point to /usr/bin/gem2.7
update-alternatives 2021-12-20 11:41:50: run with --install /usr/bin/ruby ruby /usr/bin/ruby2.7 51 --slave /usr/bin/erb erb /usr/bin/erb2.7 --slave /usr/bin/irb irb /usr/bin/irb2.7 --slave /usr/bin/rdoc rdoc /usr/bin/rdoc2.7 --slave /usr/bin/ri ri /usr/bin/ri2.7 --slave /usr/share/man/man1/ruby.1.gz ruby.1.gz /usr/share/man/man1/ruby2.7.1.gz --slave /usr/share/man/man1/erb.1.gz erb.1.gz /usr/share/man/man1/erb2.7.1.gz --slave /usr/share/man/man1/irb.1.gz irb.1.gz /usr/share/man/man1/irb2.7.1.gz --slave /usr/share/man/man1/ri.1.gz ri.1.gz /usr/share/man/man1/ri2.7.1.gz
update-alternatives 2021-12-20 11:41:50: link group ruby updated to point to /usr/bin/ruby2.7
update-alternatives 2021-12-20 11:42:09: run with --install /usr/bin/write write /usr/bin/bsd-write 100 --slave /usr/share/man/man1/write.1.gz write.1.gz /usr/share/man/man1/bsd-write.1.gz
update-alternatives 2021-12-20 11:42:09: link group write updated to point to /usr/bin/bsd-write
update-alternatives 2021-12-20 11:42:09: run with --install /usr/bin/from from /usr/bin/bsd-from 10 --slave /usr/share/man/man1/from.1.gz from.1.gz /usr/share/man/man1/bsd-from.1.gz
update-alternatives 2021-12-20 11:42:09: link group from updated to point to /usr/bin/bsd-from
update-alternatives 2021-12-20 11:50:46: run with --quiet --install /usr/bin/awk awk /usr/bin/mawk 5 --slave /usr/share/man/man1/awk.1.gz awk.1.gz /usr/share/man/man1/mawk.1.gz --slave /usr/bin/nawk nawk /usr/bin/mawk --slave /usr/share/man/man1/nawk.1.gz nawk.1.gz /usr/share/man/man1/mawk.1.gz
update-alternatives 2021-12-20 11:50:46: auto-repair link group awk
update-alternatives 2021-12-20 11:50:48: run with --install /usr/share/man/man7/builtins.7.gz builtins.7.gz /usr/share/man/man7/bash-builtins.7.gz 10
update-alternatives 2021-12-20 11:50:48: link group builtins.7.gz updated to point to /usr/share/man/man7/bash-builtins.7.gz
update-alternatives 2021-12-20 11:50:50: run with --install /usr/sbin/rmt rmt /usr/sbin/rmt-tar 50 --slave /usr/share/man/man8/rmt.8.gz rmt.8.gz /usr/share/man/man8/rmt-tar.8.gz
update-alternatives 2021-12-20 11:50:50: auto-repair link group rmt
update-alternatives 2021-12-20 11:50:59: run with --install /usr/bin/pager pager /bin/more 50 --slave /usr/share/man/man1/pager.1.gz pager.1.gz /usr/share/man/man1/more.1.gz
update-alternatives 2021-12-20 11:50:59: run with --remove pager /usr/bin/pg
update-alternatives 2021-12-20 11:52:02: run with --quiet --install /usr/bin/pinentry pinentry /usr/bin/pinentry-curses 50 --slave /usr/share/man/man1/pinentry.1.gz pinentry.1.gz /usr/share/man/man1/pinentry-curses.1.gz
update-alternatives 2021-12-20 11:52:02: auto-repair link group pinentry
update-alternatives 2021-12-20 11:52:02: run with --install /bin/nc nc /bin/nc.openbsd 50 --slave /bin/netcat netcat /bin/nc.openbsd --slave /usr/share/man/man1/nc.1.gz nc.1.gz /usr/share/man/man1/nc_openbsd.1.gz --slave /usr/share/man/man1/netcat.1.gz netcat.1.gz /usr/share/man/man1/nc_openbsd.1.gz
update-alternatives 2021-12-20 11:52:02: auto-repair link group nc
update-alternatives 2021-12-20 11:52:02: run with --install /usr/bin/gem gem /usr/bin/gem2.7 181
update-alternatives 2021-12-20 11:52:02: auto-repair link group gem
update-alternatives 2021-12-20 11:52:02: run with --install /usr/bin/ruby ruby /usr/bin/ruby2.7 51 --slave /usr/bin/erb erb /usr/bin/erb2.7 --slave /usr/bin/irb irb /usr/bin/irb2.7 --slave /usr/bin/rdoc rdoc /usr/bin/rdoc2.7 --slave /usr/bin/ri ri /usr/bin/ri2.7 --slave /usr/share/man/man1/ruby.1.gz ruby.1.gz /usr/share/man/man1/ruby2.7.1.gz --slave /usr/share/man/man1/erb.1.gz erb.1.gz /usr/share/man/man1/erb2.7.1.gz --slave /usr/share/man/man1/irb.1.gz irb.1.gz /usr/share/man/man1/irb2.7.1.gz --slave /usr/share/man/man1/ri.1.gz ri.1.gz /usr/share/man/man1/ri2.7.1.gz
update-alternatives 2021-12-20 11:52:02: auto-repair link group ruby
update-alternatives 2021-12-20 11:52:02: run with --quiet --install /usr/bin/pager pager /usr/bin/less 77 --slave /usr/share/man/man1/pager.1.gz pager.1.gz /usr/share/man/man1/less.1.gz
update-alternatives 2021-12-20 11:52:02: auto-repair link group pager
update-alternatives 2021-12-20 11:52:02: run with --quiet --remove pager /bin/less
update-alternatives 2021-12-20 11:52:07: run with --install /usr/bin/fakeroot fakeroot /usr/bin/fakeroot-sysv 50 --slave /usr/share/man/man1/fakeroot.1.gz fakeroot.1.gz /usr/share/man/man1/fakeroot-sysv.1.gz --slave /usr/share/man/man1/faked.1.gz faked.1.gz /usr/share/man/man1/faked-sysv.1.gz --slave /usr/share/man/es/man1/fakeroot.1.gz fakeroot.es.1.gz /usr/share/man/es/man1/fakeroot-sysv.1.gz --slave /usr/share/man/es/man1/faked.1.gz faked.es.1.gz /usr/share/man/es/man1/faked-sysv.1.gz --slave /usr/share/man/fr/man1/fakeroot.1.gz fakeroot.fr.1.gz /usr/share/man/fr/man1/fakeroot-sysv.1.gz --slave /usr/share/man/fr/man1/faked.1.gz faked.fr.1.gz /usr/share/man/fr/man1/faked-sysv.1.gz --slave /usr/share/man/sv/man1/fakeroot.1.gz fakeroot.sv.1.gz /usr/share/man/sv/man1/fakeroot-sysv.1.gz --slave /usr/share/man/sv/man1/faked.1.gz faked.sv.1.gz /usr/share/man/sv/man1/faked-sysv.1.gz
update-alternatives 2021-12-20 11:52:07: auto-repair link group fakeroot
update-alternatives 2021-12-20 11:52:07: run with --install /usr/bin/fakeroot fakeroot /usr/bin/fakeroot-tcp 30 --slave /usr/share/man/man1/fakeroot.1.gz fakeroot.1.gz /usr/share/man/man1/fakeroot-tcp.1.gz --slave /usr/share/man/man1/faked.1.gz faked.1.gz /usr/share/man/man1/faked-tcp.1.gz --slave /usr/share/man/es/man1/fakeroot.1.gz fakeroot.es.1.gz /usr/share/man/es/man1/fakeroot-tcp.1.gz --slave /usr/share/man/es/man1/faked.1.gz faked.es.1.gz /usr/share/man/es/man1/faked-tcp.1.gz --slave /usr/share/man/fr/man1/fakeroot.1.gz fakeroot.fr.1.gz /usr/share/man/fr/man1/fakeroot-tcp.1.gz --slave /usr/share/man/fr/man1/faked.1.gz faked.fr.1.gz /usr/share/man/fr/man1/faked-tcp.1.gz --slave /usr/share/man/sv/man1/fakeroot.1.gz fakeroot.sv.1.gz /usr/share/man/sv/man1/fakeroot-tcp.1.gz --slave /usr/share/man/sv/man1/faked.1.gz faked.sv.1.gz /usr/share/man/sv/man1/faked-tcp.1.gz
update-alternatives 2021-12-20 11:52:07: run with --install /usr/bin/lzma lzma /usr/bin/xz 20 --slave /usr/share/man/man1/lzma.1.gz lzma.1.gz /usr/share/man/man1/xz.1.gz --slave /usr/bin/unlzma unlzma /usr/bin/unxz --slave /usr/share/man/man1/unlzma.1.gz unlzma.1.gz /usr/share/man/man1/unxz.1.gz --slave /usr/bin/lzcat lzcat /usr/bin/xzcat --slave /usr/share/man/man1/lzcat.1.gz lzcat.1.gz /usr/share/man/man1/xzcat.1.gz --slave /usr/bin/lzmore lzmore /usr/bin/xzmore --slave /usr/share/man/man1/lzmore.1.gz lzmore.1.gz /usr/share/man/man1/xzmore.1.gz --slave /usr/bin/lzless lzless /usr/bin/xzless --slave /usr/share/man/man1/lzless.1.gz lzless.1.gz /usr/share/man/man1/xzless.1.gz --slave /usr/bin/lzdiff lzdiff /usr/bin/xzdiff --slave /usr/share/man/man1/lzdiff.1.gz lzdiff.1.gz /usr/share/man/man1/xzdiff.1.gz --slave /usr/bin/lzcmp lzcmp /usr/bin/xzcmp --slave /usr/share/man/man1/lzcmp.1.gz lzcmp.1.gz /usr/share/man/man1/xzcmp.1.gz --slave /usr/bin/lzgrep lzgrep /usr/bin/xzgrep --slave /usr/share/man/man1/lzgrep.1.gz lzgrep.1.gz /usr/share/man/man1/xzgrep.1.gz --slave /usr/bin/lzegrep lzegrep /usr/bin/xzegrep --slave /usr/share/man/man1/lzegrep.1.gz lzegrep.1.gz /usr/share/man/man1/xzegrep.1.gz --slave /usr/bin/lzfgrep lzfgrep /usr/bin/xzfgrep --slave /usr/share/man/man1/lzfgrep.1.gz lzfgrep.1.gz /usr/share/man/man1/xzfgrep.1.gz
update-alternatives 2021-12-20 11:52:07: auto-repair link group lzma
update-alternatives 2021-12-20 11:52:08: run with --install /usr/bin/write write /usr/bin/bsd-write 100 --slave /usr/share/man/man1/write.1.gz write.1.gz /usr/share/man/man1/bsd-write.1.gz
update-alternatives 2021-12-20 11:52:08: auto-repair link group write
update-alternatives 2021-12-20 11:52:08: run with --install /usr/bin/from from /usr/bin/bsd-from 10 --slave /usr/share/man/man1/from.1.gz from.1.gz /usr/share/man/man1/bsd-from.1.gz
update-alternatives 2021-12-20 11:52:08: auto-repair link group from
update-alternatives 2021-12-20 11:52:09: run with --install /usr/bin/w w /usr/bin/w.procps 50 --slave /usr/share/man/man1/w.1.gz w.1.gz /usr/share/man/man1/w.procps.1.gz
update-alternatives 2021-12-20 11:52:09: auto-repair link group w
update-alternatives 2021-12-20 11:52:09: run with --install /usr/bin/x-terminal-emulator x-terminal-emulator /usr/bin/xterm 20 --slave /usr/share/man/man1/x-terminal-emulator.1.gz x-terminal-emulator.1.gz /usr/share/man/man1/xterm.1.gz
update-alternatives 2021-12-20 11:52:09: auto-repair link group x-terminal-emulator
update-alternatives 2021-12-20 11:52:09: run with --install /usr/bin/x-terminal-emulator x-terminal-emulator /usr/bin/uxterm 20 --slave /usr/share/man/man1/x-terminal-emulator.1.gz x-terminal-emulator.1.gz /usr/share/man/man1/uxterm.1.gz
update-alternatives 2021-12-20 11:52:09: run with --install /usr/bin/x-terminal-emulator x-terminal-emulator /usr/bin/koi8rxterm 20 --slave /usr/share/man/man1/x-terminal-emulator.1.gz x-terminal-emulator.1.gz /usr/share/man/man1/koi8rxterm.1.gz
update-alternatives 2021-12-20 11:52:09: run with --install /usr/bin/x-terminal-emulator x-terminal-emulator /usr/bin/lxterm 30 --slave /usr/share/man/man1/x-terminal-emulator.1.gz x-terminal-emulator.1.gz /usr/share/man/man1/lxterm.1.gz
update-alternatives 2021-12-20 11:52:12: run with --quiet --remove rlogin /usr/bin/ssh
update-alternatives 2021-12-20 11:52:12: auto-repair link group rlogin
update-alternatives 2021-12-20 11:52:12: run with --quiet --remove rcp /usr/bin/ssh
update-alternatives 2021-12-20 11:52:12: auto-repair link group rcp
update-alternatives 2021-12-20 11:52:48: run with --install /usr/bin/emacs emacs /usr/bin/emacs-gtk 28 --slave /usr/share/man/man1/emacs.1.gz emacs.1.gz /usr/share/man/man1/emacs.emacs.1.gz
update-alternatives 2021-12-20 11:52:48: auto-repair link group emacs
update-alternatives 2021-12-20 11:52:48: run with --install /usr/bin/editor editor /usr/bin/emacs 0 --slave /usr/share/man/man1/editor.1.gz editor.1.gz /usr/share/man/man1/emacs.emacs.1.gz
update-alternatives 2021-12-20 11:52:48: auto-repair link group editor
update-alternatives 2021-12-20 11:52:49: run with --quiet --install /lib/cpp cpp /usr/bin/cpp 10
update-alternatives 2021-12-20 11:52:50: run with --quiet --install /usr/bin/cc cc /usr/bin/gcc 20 --slave /usr/share/man/man1/cc.1.gz cc.1.gz /usr/share/man/man1/gcc.1.gz
update-alternatives 2021-12-20 11:52:50: auto-repair link group cc
update-alternatives 2021-12-20 11:52:50: run with --quiet --install /usr/bin/c89 c89 /usr/bin/c89-gcc 20 --slave /usr/share/man/man1/c89.1.gz c89.1.gz /usr/share/man/man1/c89-gcc.1.gz
update-alternatives 2021-12-20 11:52:50: auto-repair link group c89
update-alternatives 2021-12-20 11:52:50: run with --quiet --install /usr/bin/c99 c99 /usr/bin/c99-gcc 20 --slave /usr/share/man/man1/c99.1.gz c99.1.gz /usr/share/man/man1/c99-gcc.1.gz
update-alternatives 2021-12-20 11:52:50: auto-repair link group c99
update-alternatives 2021-12-20 11:52:51: run with --install /usr/bin/c++ c++ /usr/bin/g++ 20 --slave /usr/share/man/man1/c++.1.gz c++.1.gz /usr/share/man/man1/g++.1.gz
update-alternatives 2021-12-20 11:52:51: auto-repair link group c++
update-alternatives 2021-12-20 11:53:39: run with --install /etc/mysql/my.cnf my.cnf /etc/mysql/my.cnf.fallback 100
update-alternatives 2021-12-20 11:54:33: run with --install /etc/mysql/my.cnf my.cnf /etc/mysql/mysql.cnf 200
update-alternatives 2021-12-20 11:54:42: run with --install /var/lib/mecab/dic/debian mecab-dictionary /var/lib/mecab/dic/ipadic 70
update-alternatives 2021-12-20 11:54:43: run with --install /usr/share/icons/default/index.theme x-cursor-theme /usr/share/icons/Adwaita/cursor.theme 90
update-alternatives 2021-12-20 11:54:45: run with --install /usr/bin/vim vim /usr/bin/vim.basic 30
update-alternatives 2021-12-20 11:54:45: run with --install /usr/bin/vimdiff vimdiff /usr/bin/vim.basic 30
update-alternatives 2021-12-20 11:54:45: run with --install /usr/bin/rvim rvim /usr/bin/vim.basic 30
update-alternatives 2021-12-20 11:54:45: run with --install /usr/bin/rview rview /usr/bin/vim.basic 30
update-alternatives 2021-12-20 11:54:45: run with --install /usr/bin/vi vi /usr/bin/vim.basic 30 --slave /usr/share/man/da/man1/vi.1.gz vi.da.1.gz /usr/share/man/da/man1/vim.1.gz --slave /usr/share/man/de/man1/vi.1.gz vi.de.1.gz /usr/share/man/de/man1/vim.1.gz --slave /usr/share/man/fr/man1/vi.1.gz vi.fr.1.gz /usr/share/man/fr/man1/vim.1.gz --slave /usr/share/man/it/man1/vi.1.gz vi.it.1.gz /usr/share/man/it/man1/vim.1.gz --slave /usr/share/man/ja/man1/vi.1.gz vi.ja.1.gz /usr/share/man/ja/man1/vim.1.gz --slave /usr/share/man/pl/man1/vi.1.gz vi.pl.1.gz /usr/share/man/pl/man1/vim.1.gz --slave /usr/share/man/ru/man1/vi.1.gz vi.ru.1.gz /usr/share/man/ru/man1/vim.1.gz --slave /usr/share/man/man1/vi.1.gz vi.1.gz /usr/share/man/man1/vim.1.gz
update-alternatives 2021-12-20 11:54:45: auto-repair link group vi
update-alternatives 2021-12-20 11:54:45: run with --install /usr/bin/view view /usr/bin/vim.basic 30 --slave /usr/share/man/da/man1/view.1.gz view.da.1.gz /usr/share/man/da/man1/vim.1.gz --slave /usr/share/man/de/man1/view.1.gz view.de.1.gz /usr/share/man/de/man1/vim.1.gz --slave /usr/share/man/fr/man1/view.1.gz view.fr.1.gz /usr/share/man/fr/man1/vim.1.gz --slave /usr/share/man/it/man1/view.1.gz view.it.1.gz /usr/share/man/it/man1/vim.1.gz --slave /usr/share/man/ja/man1/view.1.gz view.ja.1.gz /usr/share/man/ja/man1/vim.1.gz --slave /usr/share/man/pl/man1/view.1.gz view.pl.1.gz /usr/share/man/pl/man1/vim.1.gz --slave /usr/share/man/ru/man1/view.1.gz view.ru.1.gz /usr/share/man/ru/man1/vim.1.gz --slave /usr/share/man/man1/view.1.gz view.1.gz /usr/share/man/man1/vim.1.gz
update-alternatives 2021-12-20 11:54:45: auto-repair link group view
update-alternatives 2021-12-20 11:54:45: run with --install /usr/bin/ex ex /usr/bin/vim.basic 30 --slave /usr/share/man/da/man1/ex.1.gz ex.da.1.gz /usr/share/man/da/man1/vim.1.gz --slave /usr/share/man/de/man1/ex.1.gz ex.de.1.gz /usr/share/man/de/man1/vim.1.gz --slave /usr/share/man/fr/man1/ex.1.gz ex.fr.1.gz /usr/share/man/fr/man1/vim.1.gz --slave /usr/share/man/it/man1/ex.1.gz ex.it.1.gz /usr/share/man/it/man1/vim.1.gz --slave /usr/share/man/ja/man1/ex.1.gz ex.ja.1.gz /usr/share/man/ja/man1/vim.1.gz --slave /usr/share/man/pl/man1/ex.1.gz ex.pl.1.gz /usr/share/man/pl/man1/vim.1.gz --slave /usr/share/man/ru/man1/ex.1.gz ex.ru.1.gz /usr/share/man/ru/man1/vim.1.gz --slave /usr/share/man/man1/ex.1.gz ex.1.gz /usr/share/man/man1/vim.1.gz
update-alternatives 2021-12-20 11:54:45: auto-repair link group ex
update-alternatives 2021-12-20 11:54:45: run with --install /usr/bin/editor editor /usr/bin/vim.basic 30 --slave /usr/share/man/da/man1/editor.1.gz editor.da.1.gz /usr/share/man/da/man1/vim.1.gz --slave /usr/share/man/de/man1/editor.1.gz editor.de.1.gz /usr/share/man/de/man1/vim.1.gz --slave /usr/share/man/fr/man1/editor.1.gz editor.fr.1.gz /usr/share/man/fr/man1/vim.1.gz --slave /usr/share/man/it/man1/editor.1.gz editor.it.1.gz /usr/share/man/it/man1/vim.1.gz --slave /usr/share/man/ja/man1/editor.1.gz editor.ja.1.gz /usr/share/man/ja/man1/vim.1.gz --slave /usr/share/man/pl/man1/editor.1.gz editor.pl.1.gz /usr/share/man/pl/man1/vim.1.gz --slave /usr/share/man/ru/man1/editor.1.gz editor.ru.1.gz /usr/share/man/ru/man1/vim.1.gz --slave /usr/share/man/man1/editor.1.gz editor.1.gz /usr/share/man/man1/vim.1.gz
